<?xml version="1.0" encoding="UTF-8"?>
<!-- Generated by org.testng.reporters.JUnitXMLReporter -->
<testsuite ignored="0" hostname="SrikarReddy" failures="0" tests="3" name="Parallel Test-2" time="0.011" errors="0" timestamp="2024-02-18T14:50:58 GMT-05:00">
  <testcase classname="testing.CrossBrowserTesting" name="@BeforeTest setup" time="-1.708285858965E9">
    <failure type="org.testng.TestNGException" message="
Parameter &amp;apos;browserName&amp;apos; is required by BeforeTest on method setup but has not been marked @Optional or defined
in C:\Users\srika\eclipse-workspace\SeleniumProject\testng.xml">
      <![CDATA[org.testng.TestNGException: 
Parameter 'browserName' is required by BeforeTest on method setup but has not been marked @Optional or defined
in C:\Users\srika\eclipse-workspace\SeleniumProject\testng.xml
... Removed 21 stack frames]]>
    </failure>
  </testcase> <!-- @BeforeTest setup -->
  <testcase classname="testing.CrossBrowserTesting" name="test_firefox" time="0.0">
    <skipped/>
  </testcase> <!-- test_firefox -->
  <testcase classname="testing.CrossBrowserTesting" name="test_edge" time="0.0">
    <skipped/>
  </testcase> <!-- test_edge -->
  <testcase classname="testing.CrossBrowserTesting" name="test_chrome" time="0.0">
    <skipped/>
  </testcase> <!-- test_chrome -->
</testsuite> <!-- Parallel Test-2 -->
